<?xml version="1.0" encoding="UTF-8"?>
<testng-results ignored="0" total="1" passed="1" failed="0" skipped="0">
  <reporter-output>
  </reporter-output>
  <suite started-at="2025-02-15T19:22:06 IST" name="Default suite" finished-at="2025-02-15T19:22:11 IST" duration-ms="4354">
    <groups>
    </groups>
    <test started-at="2025-02-15T19:22:06 IST" name="Default test" finished-at="2025-02-15T19:22:11 IST" duration-ms="4354">
      <class name="practice1.SimpleGetRequestWithQueryParam">
        <test-method signature="sendGetRequest()[pri:0, instance:practice1.SimpleGetRequestWithQueryParam@2f8dad04]" started-at="2025-02-15T19:22:06 IST" name="sendGetRequest" finished-at="2025-02-15T19:22:11 IST" duration-ms="4252" status="PASS">
          <reporter-output>
          </reporter-output>
        </test-method> <!-- sendGetRequest -->
      </class> <!-- practice1.SimpleGetRequestWithQueryParam -->
    </test> <!-- Default test -->
  </suite> <!-- Default suite -->
</testng-results>
